<?xml version="1.0" encoding="UTF-8"?>
<!-- Generated by org.testng.reporters.JUnitXMLReporter -->
<testsuite ignored="0" hostname="dawit-ubuntu" failures="1" tests="4" name="ATM Portal Test" time="10.659" errors="0" timestamp="2021-03-10T04:24:51 EST">
  <testcase classname="com.wmsportalvt.testCases.TC1_ValidateUptime" name="upTime" time="0.03"/>
  <testcase classname="com.wmsportalvt.testCases.TC2_ValidateSecurity" name="securityTest" time="2.06">
    <failure type="java.lang.AssertionError" message="expected [true] but found [false]">
      <![CDATA[java.lang.AssertionError: expected [true] but found [false]
at com.wmsportalvt.testCases.TC2_ValidateSecurity.securityTest(TC2_ValidateSecurity.java:61)
at java.base/java.util.ArrayList.forEach(ArrayList.java:1541)
... Removed 31 stack frames]]>
    </failure>
  </testcase> <!-- securityTest -->
  <testcase classname="com.wmsportalvt.testCases.TC3_ValidateLogin" name="loginTest" time="1.011"/>
  <testcase classname="com.wmsportalvt.testCases.TC4_ValidateLogout" name="logoutTest" time="0.951"/>
</testsuite> <!-- ATM Portal Test -->
