<?xml version="1.0" encoding="UTF-8"?>
<testng-results ignored="0" total="4" passed="3" failed="1" skipped="0">
  <reporter-output>
  </reporter-output>
  <suite started-at="2021-03-10T04:24:41 EST" name="ATMPortalvt" finished-at="2021-03-10T04:24:51 EST" duration-ms="10659">
    <groups>
    </groups>
    <test started-at="2021-03-10T04:24:41 EST" name="ATM Portal Test" finished-at="2021-03-10T04:24:51 EST" duration-ms="10659">
      <class name="com.wmsportalvt.testCases.TC2_ValidateSecurity">
        <test-method is-config="true" signature="setup(java.lang.String)[pri:0, instance:com.wmsportalvt.testCases.TC2_ValidateSecurity@23f7d05d]" started-at="2021-03-10T04:24:43 EST" name="setup" finished-at="2021-03-10T04:24:44 EST" duration-ms="1306" status="PASS">
          <params>
            <param index="0">
              <value>
                <![CDATA[chrome]]>
              </value>
            </param>
          </params>
          <reporter-output>
          </reporter-output>
        </test-method> <!-- setup -->
        <test-method signature="securityTest()[pri:0, instance:com.wmsportalvt.testCases.TC2_ValidateSecurity@23f7d05d]" started-at="2021-03-10T04:24:44 EST" name="securityTest" finished-at="2021-03-10T04:24:46 EST" duration-ms="2060" status="FAIL">
          <exception class="java.lang.AssertionError">
            <message>
              <![CDATA[expected [true] but found [false]]]>
            </message>
            <full-stacktrace>
              <![CDATA[java.lang.AssertionError: expected [true] but found [false]
at org.testng.Assert.fail(Assert.java:97)
at org.testng.Assert.failNotEquals(Assert.java:969)
at org.testng.Assert.assertTrue(Assert.java:43)
at org.testng.Assert.assertTrue(Assert.java:53)
at com.wmsportalvt.testCases.TC2_ValidateSecurity.securityTest(TC2_ValidateSecurity.java:61)
at java.base/jdk.internal.reflect.NativeMethodAccessorImpl.invoke0(Native Method)
at java.base/jdk.internal.reflect.NativeMethodAccessorImpl.invoke(NativeMethodAccessorImpl.java:62)
at java.base/jdk.internal.reflect.DelegatingMethodAccessorImpl.invoke(DelegatingMethodAccessorImpl.java:43)
at java.base/java.lang.reflect.Method.invoke(Method.java:566)
at org.testng.internal.MethodInvocationHelper.invokeMethod(MethodInvocationHelper.java:134)
at org.testng.internal.TestInvoker.invokeMethod(TestInvoker.java:597)
at org.testng.internal.TestInvoker.invokeTestMethod(TestInvoker.java:173)
at org.testng.internal.MethodRunner.runInSequence(MethodRunner.java:46)
at org.testng.internal.TestInvoker$MethodInvocationAgent.invoke(TestInvoker.java:816)
at org.testng.internal.TestInvoker.invokeTestMethods(TestInvoker.java:146)
at org.testng.internal.TestMethodWorker.invokeTestMethods(TestMethodWorker.java:146)
at org.testng.internal.TestMethodWorker.run(TestMethodWorker.java:128)
at java.base/java.util.ArrayList.forEach(ArrayList.java:1541)
at org.testng.TestRunner.privateRun(TestRunner.java:766)
at org.testng.TestRunner.run(TestRunner.java:587)
at org.testng.SuiteRunner.runTest(SuiteRunner.java:384)
at org.testng.SuiteRunner.runSequentially(SuiteRunner.java:378)
at org.testng.SuiteRunner.privateRun(SuiteRunner.java:337)
at org.testng.SuiteRunner.run(SuiteRunner.java:286)
at org.testng.SuiteRunnerWorker.runSuite(SuiteRunnerWorker.java:53)
at org.testng.SuiteRunnerWorker.run(SuiteRunnerWorker.java:96)
at org.testng.TestNG.runSuitesSequentially(TestNG.java:1187)
at org.testng.TestNG.runSuitesLocally(TestNG.java:1109)
at org.testng.TestNG.runSuites(TestNG.java:1039)
at org.testng.TestNG.run(TestNG.java:1007)
at org.testng.remote.AbstractRemoteTestNG.run(AbstractRemoteTestNG.java:115)
at org.testng.remote.RemoteTestNG.initAndRun(RemoteTestNG.java:251)
at org.testng.remote.RemoteTestNG.main(RemoteTestNG.java:77)
]]>
            </full-stacktrace>
          </exception> <!-- java.lang.AssertionError -->
          <reporter-output>
          </reporter-output>
        </test-method> <!-- securityTest -->
        <test-method is-config="true" signature="tearDown()[pri:0, instance:com.wmsportalvt.testCases.TC2_ValidateSecurity@23f7d05d]" started-at="2021-03-10T04:24:46 EST" name="tearDown" finished-at="2021-03-10T04:24:47 EST" duration-ms="143" status="PASS">
          <reporter-output>
          </reporter-output>
        </test-method> <!-- tearDown -->
      </class> <!-- com.wmsportalvt.testCases.TC2_ValidateSecurity -->
      <class name="com.wmsportalvt.testCases.TC1_ValidateUptime">
        <test-method is-config="true" signature="setup(java.lang.String)[pri:0, instance:com.wmsportalvt.testCases.TC1_ValidateUptime@23986957]" started-at="2021-03-10T04:24:41 EST" name="setup" finished-at="2021-03-10T04:24:43 EST" duration-ms="2170" status="PASS">
          <params>
            <param index="0">
              <value>
                <![CDATA[chrome]]>
              </value>
            </param>
          </params>
          <reporter-output>
          </reporter-output>
        </test-method> <!-- setup -->
        <test-method signature="upTime()[pri:0, instance:com.wmsportalvt.testCases.TC1_ValidateUptime@23986957]" started-at="2021-03-10T04:24:43 EST" name="upTime" finished-at="2021-03-10T04:24:43 EST" duration-ms="30" status="PASS">
          <reporter-output>
          </reporter-output>
        </test-method> <!-- upTime -->
        <test-method is-config="true" signature="tearDown()[pri:0, instance:com.wmsportalvt.testCases.TC1_ValidateUptime@23986957]" started-at="2021-03-10T04:24:43 EST" name="tearDown" finished-at="2021-03-10T04:24:43 EST" duration-ms="77" status="PASS">
          <reporter-output>
          </reporter-output>
        </test-method> <!-- tearDown -->
      </class> <!-- com.wmsportalvt.testCases.TC1_ValidateUptime -->
      <class name="com.wmsportalvt.testCases.TC4_ValidateLogout">
        <test-method is-config="true" signature="setup(java.lang.String)[pri:0, instance:com.wmsportalvt.testCases.TC4_ValidateLogout@7d3a22a9]" started-at="2021-03-10T04:24:49 EST" name="setup" finished-at="2021-03-10T04:24:50 EST" duration-ms="1315" status="PASS">
          <params>
            <param index="0">
              <value>
                <![CDATA[chrome]]>
              </value>
            </param>
          </params>
          <reporter-output>
          </reporter-output>
        </test-method> <!-- setup -->
        <test-method signature="logoutTest()[pri:0, instance:com.wmsportalvt.testCases.TC4_ValidateLogout@7d3a22a9]" started-at="2021-03-10T04:24:50 EST" name="logoutTest" finished-at="2021-03-10T04:24:51 EST" duration-ms="951" status="PASS">
          <reporter-output>
          </reporter-output>
        </test-method> <!-- logoutTest -->
        <test-method is-config="true" signature="tearDown()[pri:0, instance:com.wmsportalvt.testCases.TC4_ValidateLogout@7d3a22a9]" started-at="2021-03-10T04:24:51 EST" name="tearDown" finished-at="2021-03-10T04:24:51 EST" duration-ms="81" status="PASS">
          <reporter-output>
          </reporter-output>
        </test-method> <!-- tearDown -->
      </class> <!-- com.wmsportalvt.testCases.TC4_ValidateLogout -->
      <class name="com.wmsportalvt.testCases.TC3_ValidateLogin">
        <test-method is-config="true" signature="setup(java.lang.String)[pri:0, instance:com.wmsportalvt.testCases.TC3_ValidateLogin@1e730495]" started-at="2021-03-10T04:24:47 EST" name="setup" finished-at="2021-03-10T04:24:48 EST" duration-ms="1347" status="PASS">
          <params>
            <param index="0">
              <value>
                <![CDATA[chrome]]>
              </value>
            </param>
          </params>
          <reporter-output>
          </reporter-output>
        </test-method> <!-- setup -->
        <test-method signature="loginTest()[pri:0, instance:com.wmsportalvt.testCases.TC3_ValidateLogin@1e730495]" started-at="2021-03-10T04:24:48 EST" name="loginTest" finished-at="2021-03-10T04:24:49 EST" duration-ms="1011" status="PASS">
          <reporter-output>
          </reporter-output>
        </test-method> <!-- loginTest -->
        <test-method is-config="true" signature="tearDown()[pri:0, instance:com.wmsportalvt.testCases.TC3_ValidateLogin@1e730495]" started-at="2021-03-10T04:24:49 EST" name="tearDown" finished-at="2021-03-10T04:24:49 EST" duration-ms="75" status="PASS">
          <reporter-output>
          </reporter-output>
        </test-method> <!-- tearDown -->
      </class> <!-- com.wmsportalvt.testCases.TC3_ValidateLogin -->
    </test> <!-- ATM Portal Test -->
  </suite> <!-- ATMPortalvt -->
</testng-results>
